  asst2.cpp
\\mac\home\google 드라이브\1. 2018시즌 전반기\2. 컴그개\18s_cs380\hw3\quat\asst2.cpp(32): warning C4996: 'std::tr1': warning STL4002: The non-Standard std::tr1 namespace and TR1-only machinery are deprecated and will be REMOVED. You can define _SILENCE_TR1_NAMESPACE_DEPRECATION_WARNING to acknowledge that you have received this warning.
  c:\program files (x86)\microsoft visual studio\2017\community\vc\tools\msvc\14.12.25827\include\memory(3067): note: 'std::tr1' 선언을 참조하십시오.
\\mac\home\google 드라이브\1. 2018시즌 전반기\2. 컴그개\18s_cs380\hw3\quat\asst2.cpp(283): error C2678: 이항 '*': 왼쪽 피연산자로 'const RigTForm' 형식을 사용하는 연산자가 없거나 허용되는 변환이 없습니다.
  \\mac\home\google 드라이브\1. 2018시즌 전반기\2. 컴그개\18s_cs380\hw3\quat\rigtform.h(65): note: 'RigTForm RigTForm::operator *(const RigTForm &) const'일 수 있습니다.
  \\mac\home\google 드라이브\1. 2018시즌 전반기\2. 컴그개\18s_cs380\hw3\quat\rigtform.h(59): note: 또는       'Cvec4 RigTForm::operator *(const Cvec4 &)'
  \\mac\home\google 드라이브\1. 2018시즌 전반기\2. 컴그개\18s_cs380\hw3\quat\asst2.cpp(283): note: 인수 목록 '(const RigTForm, Cvec4)'을(를) 일치시키는 동안
\\mac\home\google 드라이브\1. 2018시즌 전반기\2. 컴그개\18s_cs380\hw3\quat\asst2.cpp(284): error C2678: 이항 '*': 왼쪽 피연산자로 'const RigTForm' 형식을 사용하는 연산자가 없거나 허용되는 변환이 없습니다.
  \\mac\home\google 드라이브\1. 2018시즌 전반기\2. 컴그개\18s_cs380\hw3\quat\rigtform.h(65): note: 'RigTForm RigTForm::operator *(const RigTForm &) const'일 수 있습니다.
  \\mac\home\google 드라이브\1. 2018시즌 전반기\2. 컴그개\18s_cs380\hw3\quat\rigtform.h(59): note: 또는       'Cvec4 RigTForm::operator *(const Cvec4 &)'
  \\mac\home\google 드라이브\1. 2018시즌 전반기\2. 컴그개\18s_cs380\hw3\quat\asst2.cpp(284): note: 인수 목록 '(const RigTForm, Cvec4)'을(를) 일치시키는 동안
\\mac\home\google 드라이브\1. 2018시즌 전반기\2. 컴그개\18s_cs380\hw3\quat\asst2.cpp(369): error C2679: 이항 '=': 오른쪽 피연산자로 'RigTForm' 형식을 사용하는 연산자가 없거나 허용되는 변환이 없습니다.
  \\mac\home\google 드라이브\1. 2018시즌 전반기\2. 컴그개\18s_cs380\hw3\quat\matrix4.h(220): note: 'Matrix4 &Matrix4::operator =(Matrix4 &&)'일 수 있습니다.
  \\mac\home\google 드라이브\1. 2018시즌 전반기\2. 컴그개\18s_cs380\hw3\quat\matrix4.h(220): note: 또는       'Matrix4 &Matrix4::operator =(const Matrix4 &)'
  \\mac\home\google 드라이브\1. 2018시즌 전반기\2. 컴그개\18s_cs380\hw3\quat\asst2.cpp(369): note: 인수 목록 '(Matrix4, RigTForm)'을(를) 일치시키는 동안
\\mac\home\google 드라이브\1. 2018시즌 전반기\2. 컴그개\18s_cs380\hw3\quat\asst2.cpp(371): error C2679: 이항 '=': 오른쪽 피연산자로 'RigTForm' 형식을 사용하는 연산자가 없거나 허용되는 변환이 없습니다.
  \\mac\home\google 드라이브\1. 2018시즌 전반기\2. 컴그개\18s_cs380\hw3\quat\matrix4.h(220): note: 'Matrix4 &Matrix4::operator =(Matrix4 &&)'일 수 있습니다.
  \\mac\home\google 드라이브\1. 2018시즌 전반기\2. 컴그개\18s_cs380\hw3\quat\matrix4.h(220): note: 또는       'Matrix4 &Matrix4::operator =(const Matrix4 &)'
  \\mac\home\google 드라이브\1. 2018시즌 전반기\2. 컴그개\18s_cs380\hw3\quat\asst2.cpp(371): note: 인수 목록 '(Matrix4, RigTForm)'을(를) 일치시키는 동안
\\mac\home\google 드라이브\1. 2018시즌 전반기\2. 컴그개\18s_cs380\hw3\quat\asst2.cpp(384): error C2679: 이항 '=': 오른쪽 피연산자로 'RigTForm' 형식을 사용하는 연산자가 없거나 허용되는 변환이 없습니다.
  \\mac\home\google 드라이브\1. 2018시즌 전반기\2. 컴그개\18s_cs380\hw3\quat\matrix4.h(220): note: 'Matrix4 &Matrix4::operator =(Matrix4 &&)'일 수 있습니다.
  \\mac\home\google 드라이브\1. 2018시즌 전반기\2. 컴그개\18s_cs380\hw3\quat\matrix4.h(220): note: 또는       'Matrix4 &Matrix4::operator =(const Matrix4 &)'
  \\mac\home\google 드라이브\1. 2018시즌 전반기\2. 컴그개\18s_cs380\hw3\quat\asst2.cpp(384): note: 인수 목록 '(Matrix4, RigTForm)'을(를) 일치시키는 동안
\\mac\home\google 드라이브\1. 2018시즌 전반기\2. 컴그개\18s_cs380\hw3\quat\asst2.cpp(400): error C2679: 이항 '*': 오른쪽 피연산자로 'RigTForm' 형식을 사용하는 연산자가 없거나 허용되는 변환이 없습니다.
  \\mac\home\google 드라이브\1. 2018시즌 전반기\2. 컴그개\18s_cs380\hw3\quat\matrix4.h(113): note: 'Matrix4 Matrix4::operator *(const Matrix4 &) const'일 수 있습니다.
  \\mac\home\google 드라이브\1. 2018시즌 전반기\2. 컴그개\18s_cs380\hw3\quat\matrix4.h(103): note: 또는       'Cvec4 Matrix4::operator *(const Cvec4 &) const'
  \\mac\home\google 드라이브\1. 2018시즌 전반기\2. 컴그개\18s_cs380\hw3\quat\matrix4.h(99): note: 또는       'Matrix4 Matrix4::operator *(const double) const'
  \\mac\home\google 드라이브\1. 2018시즌 전반기\2. 컴그개\18s_cs380\hw3\quat\asst2.cpp(400): note: 인수 목록 '(Matrix4, RigTForm)'을(를) 일치시키는 동안
